#
# There is insufficient memory for the Java Runtime Environment to continue.
# Native memory allocation (malloc) failed to allocate 1360336 bytes for Chunk::new
# Possible reasons:
#   The system is out of physical RAM or swap space
#   The process is running with CompressedOops enabled, and the Java Heap may be blocking the growth of the native heap
# Possible solutions:
#   Reduce memory load on the system
#   Increase physical memory or swap space
#   Check if swap backing store is full
#   Decrease Java heap size (-Xmx/-Xms)
#   Decrease number of Java threads
#   Decrease Java thread stack sizes (-Xss)
#   Set larger code cache with -XX:ReservedCodeCacheSize=
#   JVM is running with Unscaled Compressed Oops mode in which the Java heap is
#     placed in the first 4GB address space. The Java Heap base address is the
#     maximum limit for the native heap growth. Please use -XX:HeapBaseMinAddress
#     to set the Java Heap base and to place the Java Heap above 4GB virtual address.
# This output file may be truncated or incomplete.
#
#  Out of Memory Error (t:/workspace/open/src/hotspot/share/memory/arena.cpp:196), pid=21576, tid=17760
#
# JRE version: Java(TM) SE Runtime Environment (13.0.2+8) (build 13.0.2+8)
# Java VM: Java HotSpot(TM) 64-Bit Server VM (13.0.2+8, mixed mode, sharing, tiered, compressed oops, g1 gc, windows-amd64)
# No core dump will be written. Minidumps are not enabled by default on client versions of Windows
#

---------------  S U M M A R Y ------------

Command Line: -Dclassworlds.conf=D:\Personal Work\Data Import\apache-maven-3.8.3\bin\m2.conf -Dmaven.home=D:\Personal Work\Data Import\apache-maven-3.8.3 -Dlibrary.jansi.path=D:\Personal Work\Data Import\apache-maven-3.8.3\lib\jansi-native -Dmaven.multiModuleProjectDirectory=D:\ShrabaniAutomationWorkspace\testFramework org.codehaus.plexus.classworlds.launcher.Launcher clean test

Host: Intel(R) Core(TM) i5-8265U CPU @ 1.60GHz, 8 cores, 7G,  Windows 10 , 64 bit Build 26100 (10.0.26100.7705)
Time: Wed Feb 18 23:21:33 2026 India Standard Time elapsed time: 8 seconds (0d 0h 0m 8s)

---------------  T H R E A D  ---------------

Current thread (0x000002835e75b000):  JavaThread "C2 CompilerThread1" daemon [_thread_in_native, id=17760, stack(0x000000b53e300000,0x000000b53e400000)]


Current CompileTask:
C2:   8667 3389       4       org.codehaus.plexus.interpolation.AbstractDelegatingValueSource::getValue (11 bytes)

Stack: [0x000000b53e300000,0x000000b53e400000]
Native frames: (J=compiled Java code, j=interpreted, Vv=VM code, C=native code)
V  [jvm.dll+0x624f9a]
V  [jvm.dll+0x770cfa]
V  [jvm.dll+0x7724af]
V  [jvm.dll+0x772ab3]
V  [jvm.dll+0x24bf08]
V  [jvm.dll+0xc1e47]
V  [jvm.dll+0xc23cc]
V  [jvm.dll+0x35c068]
V  [jvm.dll+0x327803]
V  [jvm.dll+0x326bda]
V  [jvm.dll+0x205c27]
V  [jvm.dll+0x204e3f]
V  [jvm.dll+0x189c2c]
V  [jvm.dll+0x213e6d]
V  [jvm.dll+0x2120bb]
V  [jvm.dll+0x736bb6]
V  [jvm.dll+0x72fcaa]
V  [jvm.dll+0x623ea6]
C  [ucrtbase.dll+0x37b0]
C  [KERNEL32.DLL+0x2e8d7]
C  [ntdll.dll+0x8c40c]


---------------  P R O C E S S  ---------------

Threads class SMR info:
_java_thread_list=0x00000283619b80f0, length=12, elements={
0x000002833dcf7800, 0x000002835cb36800, 0x000002835cb38800, 0x000002835cb58000,
0x000002835cb5a000, 0x000002835cb5d800, 0x000002835cb62000, 0x000002835cb65800,
0x000002835d5de000, 0x000002835d5e4000, 0x000002835e75b000, 0x000002835e764800
}

Java Threads: ( => current thread )
  0x000002833dcf7800 JavaThread "main" [_thread_in_Java, id=28284, stack(0x000000b53d200000,0x000000b53d300000)]
  0x000002835cb36800 JavaThread "Reference Handler" daemon [_thread_blocked, id=1308, stack(0x000000b53d900000,0x000000b53da00000)]
  0x000002835cb38800 JavaThread "Finalizer" daemon [_thread_blocked, id=27608, stack(0x000000b53da00000,0x000000b53db00000)]
  0x000002835cb58000 JavaThread "Signal Dispatcher" daemon [_thread_blocked, id=21796, stack(0x000000b53db00000,0x000000b53dc00000)]
  0x000002835cb5a000 JavaThread "Attach Listener" daemon [_thread_blocked, id=1776, stack(0x000000b53dc00000,0x000000b53dd00000)]
  0x000002835cb5d800 JavaThread "C2 CompilerThread0" daemon [_thread_in_native, id=20568, stack(0x000000b53dd00000,0x000000b53de00000)]
  0x000002835cb62000 JavaThread "C1 CompilerThread0" daemon [_thread_in_native, id=19236, stack(0x000000b53de00000,0x000000b53df00000)]
  0x000002835cb65800 JavaThread "Sweeper thread" daemon [_thread_blocked, id=28664, stack(0x000000b53df00000,0x000000b53e000000)]
  0x000002835d5de000 JavaThread "Service Thread" daemon [_thread_blocked, id=11100, stack(0x000000b53e000000,0x000000b53e100000)]
  0x000002835d5e4000 JavaThread "Common-Cleaner" daemon [_thread_blocked, id=4444, stack(0x000000b53e200000,0x000000b53e300000)]
=>0x000002835e75b000 JavaThread "C2 CompilerThread1" daemon [_thread_in_native, id=17760, stack(0x000000b53e300000,0x000000b53e400000)]
  0x000002835e764800 JavaThread "C2 CompilerThread2" daemon [_thread_in_native, id=7064, stack(0x000000b53e400000,0x000000b53e500000)]

Other Threads:
  0x000002833b959000 VMThread "VM Thread" [stack: 0x000000b53d800000,0x000000b53d900000] [id=14952]
  0x000002835d5e3800 WatcherThread [stack: 0x000000b53e100000,0x000000b53e200000] [id=28440]
  0x000002833dd3b000 GCTaskThread "GC Thread#0" [stack: 0x000000b53d300000,0x000000b53d400000] [id=26012]
  0x000002835e258800 GCTaskThread "GC Thread#1" [stack: 0x000000b53e500000,0x000000b53e600000] [id=6768]
  0x000002835e255800 GCTaskThread "GC Thread#2" [stack: 0x000000b53e600000,0x000000b53e700000] [id=23516]
  0x000002833dd4e800 ConcurrentGCThread "G1 Main Marker" [stack: 0x000000b53d400000,0x000000b53d500000] [id=24724]
  0x000002833dd51000 ConcurrentGCThread "G1 Conc#0" [stack: 0x000000b53d500000,0x000000b53d600000] [id=18708]
  0x000002835c9a6800 ConcurrentGCThread "G1 Refine#0" [stack: 0x000000b53d600000,0x000000b53d700000] [id=9672]
  0x000002835c9a7000 ConcurrentGCThread "G1 Young RemSet Sampling" [stack: 0x000000b53d700000,0x000000b53d800000] [id=22996]

Threads with active compile tasks:
C2 CompilerThread0     8718 3507       4       org.eclipse.aether.util.graph.transformer.ConflictResolver$State::push (447 bytes)
C1 CompilerThread0     8718 3621       3       org.codehaus.plexus.util.xml.pull.MXParser::parseXmlDeclWithVersion (835 bytes)
C2 CompilerThread1     8719 3389       4       org.codehaus.plexus.interpolation.AbstractDelegatingValueSource::getValue (11 bytes)
C2 CompilerThread2     8719 3424       4       org.codehaus.plexus.interpolation.PrefixedValueSourceWrapper::getValue (39 bytes)

VM state:not at safepoint (normal execution)

VM Mutex/Monitor currently owned by a thread: None

Heap address: 0x0000000082400000, size: 2012 MB, Compressed Oops mode: 32-bit
Narrow klass base: 0x0000000800000000, Narrow klass shift: 3
Compressed class space size: 1073741824 Address: 0x0000000800b40000

Heap:
 garbage-first heap   total 129024K, used 15065K [0x0000000082400000, 0x0000000100000000)
  region size 1024K, 13 young (13312K), 9 survivors (9216K)
 Metaspace       used 14656K, capacity 16220K, committed 16512K, reserved 1064960K
  class space    used 1619K, capacity 1877K, committed 1920K, reserved 1048576K
Heap Regions: E=young(eden), S=young(survivor), O=old, HS=humongous(starts), HC=humongous(continues), CS=collection set, F=free, A=archive, TAMS=top-at-mark-start (previous, next)
|   0|0x0000000082400000, 0x0000000082500000, 0x0000000082500000|100%| O|  |TAMS 0x0000000082400000, 0x0000000082400000| Untracked 
|   1|0x0000000082500000, 0x0000000082600000, 0x0000000082600000|100%| O|  |TAMS 0x0000000082500000, 0x0000000082500000| Untracked 
|   2|0x0000000082600000, 0x0000000082700000, 0x0000000082700000|100%| O|  |TAMS 0x0000000082600000, 0x0000000082600000| Untracked 
|   3|0x0000000082700000, 0x0000000082754e00, 0x0000000082800000| 33%| O|  |TAMS 0x0000000082700000, 0x0000000082700000| Untracked 
|   4|0x0000000082800000, 0x0000000082800000, 0x0000000082900000|  0%| F|  |TAMS 0x0000000082800000, 0x0000000082800000| Untracked 
|   5|0x0000000082900000, 0x0000000082900000, 0x0000000082a00000|  0%| F|  |TAMS 0x0000000082900000, 0x0000000082900000| Untracked 
|   6|0x0000000082a00000, 0x0000000082a00000, 0x0000000082b00000|  0%| F|  |TAMS 0x0000000082a00000, 0x0000000082a00000| Untracked 
|   7|0x0000000082b00000, 0x0000000082b00000, 0x0000000082c00000|  0%| F|  |TAMS 0x0000000082b00000, 0x0000000082b00000| Untracked 
|   8|0x0000000082c00000, 0x0000000082c00000, 0x0000000082d00000|  0%| F|  |TAMS 0x0000000082c00000, 0x0000000082c00000| Untracked 
|   9|0x0000000082d00000, 0x0000000082d00000, 0x0000000082e00000|  0%| F|  |TAMS 0x0000000082d00000, 0x0000000082d00000| Untracked 
|  10|0x0000000082e00000, 0x0000000082e00000, 0x0000000082f00000|  0%| F|  |TAMS 0x0000000082e00000, 0x0000000082e00000| Untracked 
|  11|0x0000000082f00000, 0x0000000082f00000, 0x0000000083000000|  0%| F|  |TAMS 0x0000000082f00000, 0x0000000082f00000| Untracked 
|  12|0x0000000083000000, 0x0000000083000000, 0x0000000083100000|  0%| F|  |TAMS 0x0000000083000000, 0x0000000083000000| Untracked 
|  13|0x0000000083100000, 0x0000000083100000, 0x0000000083200000|  0%| F|  |TAMS 0x0000000083100000, 0x0000000083100000| Untracked 
|  14|0x0000000083200000, 0x0000000083200000, 0x0000000083300000|  0%| F|  |TAMS 0x0000000083200000, 0x0000000083200000| Untracked 
|  15|0x0000000083300000, 0x0000000083300000, 0x0000000083400000|  0%| F|  |TAMS 0x0000000083300000, 0x0000000083300000| Untracked 
|  16|0x0000000083400000, 0x0000000083400000, 0x0000000083500000|  0%| F|  |TAMS 0x0000000083400000, 0x0000000083400000| Untracked 
|  17|0x0000000083500000, 0x0000000083500000, 0x0000000083600000|  0%| F|  |TAMS 0x0000000083500000, 0x0000000083500000| Untracked 
|  18|0x0000000083600000, 0x0000000083600000, 0x0000000083700000|  0%| F|  |TAMS 0x0000000083600000, 0x0000000083600000| Untracked 
|  19|0x0000000083700000, 0x0000000083700000, 0x0000000083800000|  0%| F|  |TAMS 0x0000000083700000, 0x0000000083700000| Untracked 
|  20|0x0000000083800000, 0x0000000083800000, 0x0000000083900000|  0%| F|  |TAMS 0x0000000083800000, 0x0000000083800000| Untracked 
|  21|0x0000000083900000, 0x0000000083900000, 0x0000000083a00000|  0%| F|  |TAMS 0x0000000083900000, 0x0000000083900000| Untracked 
|  22|0x0000000083a00000, 0x0000000083a00000, 0x0000000083b00000|  0%| F|  |TAMS 0x0000000083a00000, 0x0000000083a00000| Untracked 
|  23|0x0000000083b00000, 0x0000000083b00000, 0x0000000083c00000|  0%| F|  |TAMS 0x0000000083b00000, 0x0000000083b00000| Untracked 
|  24|0x0000000083c00000, 0x0000000083c00000, 0x0000000083d00000|  0%| F|  |TAMS 0x0000000083c00000, 0x0000000083c00000| Untracked 
|  25|0x0000000083d00000, 0x0000000083d00000, 0x0000000083e00000|  0%| F|  |TAMS 0x0000000083d00000, 0x0000000083d00000| Untracked 
|  26|0x0000000083e00000, 0x0000000083e00000, 0x0000000083f00000|  0%| F|  |TAMS 0x0000000083e00000, 0x0000000083e00000| Untracked 
|  27|0x0000000083f00000, 0x0000000083f00000, 0x0000000084000000|  0%| F|  |TAMS 0x0000000083f00000, 0x0000000083f00000| Untracked 
|  28|0x0000000084000000, 0x0000000084000000, 0x0000000084100000|  0%| F|  |TAMS 0x0000000084000000, 0x0000000084000000| Untracked 
|  29|0x0000000084100000, 0x0000000084100000, 0x0000000084200000|  0%| F|  |TAMS 0x0000000084100000, 0x0000000084100000| Untracked 
|  30|0x0000000084200000, 0x0000000084200000, 0x0000000084300000|  0%| F|  |TAMS 0x0000000084200000, 0x0000000084200000| Untracked 
|  31|0x0000000084300000, 0x0000000084300000, 0x0000000084400000|  0%| F|  |TAMS 0x0000000084300000, 0x0000000084300000| Untracked 
|  32|0x0000000084400000, 0x0000000084400000, 0x0000000084500000|  0%| F|  |TAMS 0x0000000084400000, 0x0000000084400000| Untracked 
|  33|0x0000000084500000, 0x0000000084500000, 0x0000000084600000|  0%| F|  |TAMS 0x0000000084500000, 0x0000000084500000| Untracked 
|  34|0x0000000084600000, 0x0000000084600000, 0x0000000084700000|  0%| F|  |TAMS 0x0000000084600000, 0x0000000084600000| Untracked 
|  35|0x0000000084700000, 0x0000000084700000, 0x0000000084800000|  0%| F|  |TAMS 0x0000000084700000, 0x0000000084700000| Untracked 
|  36|0x0000000084800000, 0x0000000084800000, 0x0000000084900000|  0%| F|  |TAMS 0x0000000084800000, 0x0000000084800000| Untracked 
|  37|0x0000000084900000, 0x0000000084900000, 0x0000000084a00000|  0%| F|  |TAMS 0x0000000084900000, 0x0000000084900000| Untracked 
|  38|0x0000000084a00000, 0x0000000084a00000, 0x0000000084b00000|  0%| F|  |TAMS 0x0000000084a00000, 0x0000000084a00000| Untracked 
|  39|0x0000000084b00000, 0x0000000084b00000, 0x0000000084c00000|  0%| F|  |TAMS 0x0000000084b00000, 0x0000000084b00000| Untracked 
|  40|0x0000000084c00000, 0x0000000084c00000, 0x0000000084d00000|  0%| F|  |TAMS 0x0000000084c00000, 0x0000000084c00000| Untracked 
|  41|0x0000000084d00000, 0x0000000084d00000, 0x0000000084e00000|  0%| F|  |TAMS 0x0000000084d00000, 0x0000000084d00000| Untracked 
|  42|0x0000000084e00000, 0x0000000084e61780, 0x0000000084f00000| 38%| S|CS|TAMS 0x0000000084e00000, 0x0000000084e00000| Complete 
|  43|0x0000000084f00000, 0x0000000084f00000, 0x0000000085000000|  0%| F|  |TAMS 0x0000000084f00000, 0x0000000084f00000| Untracked 
|  44|0x0000000085000000, 0x0000000085000000, 0x0000000085100000|  0%| F|  |TAMS 0x0000000085000000, 0x0000000085000000| Untracked 
|  45|0x0000000085100000, 0x0000000085100000, 0x0000000085200000|  0%| F|  |TAMS 0x0000000085100000, 0x0000000085100000| Untracked 
|  46|0x0000000085200000, 0x0000000085200000, 0x0000000085300000|  0%| F|  |TAMS 0x0000000085200000, 0x0000000085200000| Untracked 
|  47|0x0000000085300000, 0x0000000085300000, 0x0000000085400000|  0%| F|  |TAMS 0x0000000085300000, 0x0000000085300000| Untracked 
|  48|0x0000000085400000, 0x0000000085400000, 0x0000000085500000|  0%| F|  |TAMS 0x0000000085400000, 0x0000000085400000| Untracked 
|  49|0x0000000085500000, 0x0000000085500000, 0x0000000085600000|  0%| F|  |TAMS 0x0000000085500000, 0x0000000085500000| Untracked 
|  50|0x0000000085600000, 0x0000000085600000, 0x0000000085700000|  0%| F|  |TAMS 0x0000000085600000, 0x0000000085600000| Untracked 
|  51|0x0000000085700000, 0x0000000085800000, 0x0000000085800000|100%| S|CS|TAMS 0x0000000085700000, 0x0000000085700000| Complete 
|  52|0x0000000085800000, 0x0000000085900000, 0x0000000085900000|100%| S|CS|TAMS 0x0000000085800000, 0x0000000085800000| Complete 
|  53|0x0000000085900000, 0x0000000085a00000, 0x0000000085a00000|100%| S|CS|TAMS 0x0000000085900000, 0x0000000085900000| Complete 
|  54|0x0000000085a00000, 0x0000000085b00000, 0x0000000085b00000|100%| S|CS|TAMS 0x0000000085a00000, 0x0000000085a00000| Complete 
|  55|0x0000000085b00000, 0x0000000085c00000, 0x0000000085c00000|100%| S|CS|TAMS 0x0000000085b00000, 0x0000000085b00000| Complete 
|  56|0x0000000085c00000, 0x0000000085d00000, 0x0000000085d00000|100%| S|CS|TAMS 0x0000000085c00000, 0x0000000085c00000| Complete 
|  57|0x0000000085d00000, 0x0000000085e00000, 0x0000000085e00000|100%| S|CS|TAMS 0x0000000085d00000, 0x0000000085d00000| Complete 
|  58|0x0000000085e00000, 0x0000000085f00000, 0x0000000085f00000|100%| S|CS|TAMS 0x0000000085e00000, 0x0000000085e00000| Complete 
|  59|0x0000000085f00000, 0x0000000085f00000, 0x0000000086000000|  0%| F|  |TAMS 0x0000000085f00000, 0x0000000085f00000| Untracked 
|  60|0x0000000086000000, 0x0000000086000000, 0x0000000086100000|  0%| F|  |TAMS 0x0000000086000000, 0x0000000086000000| Untracked 
|  61|0x0000000086100000, 0x0000000086100000, 0x0000000086200000|  0%| F|  |TAMS 0x0000000086100000, 0x0000000086100000| Untracked 
|  62|0x0000000086200000, 0x0000000086200000, 0x0000000086300000|  0%| F|  |TAMS 0x0000000086200000, 0x0000000086200000| Untracked 
|  63|0x0000000086300000, 0x0000000086300000, 0x0000000086400000|  0%| F|  |TAMS 0x0000000086300000, 0x0000000086300000| Untracked 
|  64|0x0000000086400000, 0x0000000086400000, 0x0000000086500000|  0%| F|  |TAMS 0x0000000086400000, 0x0000000086400000| Untracked 
|  65|0x0000000086500000, 0x0000000086500000, 0x0000000086600000|  0%| F|  |TAMS 0x0000000086500000, 0x0000000086500000| Untracked 
|  66|0x0000000086600000, 0x0000000086600000, 0x0000000086700000|  0%| F|  |TAMS 0x0000000086600000, 0x0000000086600000| Untracked 
|  67|0x0000000086700000, 0x0000000086700000, 0x0000000086800000|  0%| F|  |TAMS 0x0000000086700000, 0x0000000086700000| Untracked 
|  68|0x0000000086800000, 0x0000000086800000, 0x0000000086900000|  0%| F|  |TAMS 0x0000000086800000, 0x0000000086800000| Untracked 
|  69|0x0000000086900000, 0x0000000086900000, 0x0000000086a00000|  0%| F|  |TAMS 0x0000000086900000, 0x0000000086900000| Untracked 
|  70|0x0000000086a00000, 0x0000000086a00000, 0x0000000086b00000|  0%| F|  |TAMS 0x0000000086a00000, 0x0000000086a00000| Untracked 
|  71|0x0000000086b00000, 0x0000000086b00000, 0x0000000086c00000|  0%| F|  |TAMS 0x0000000086b00000, 0x0000000086b00000| Untracked 
|  72|0x0000000086c00000, 0x0000000086c00000, 0x0000000086d00000|  0%| F|  |TAMS 0x0000000086c00000, 0x0000000086c00000| Untracked 
|  73|0x0000000086d00000, 0x0000000086d00000, 0x0000000086e00000|  0%| F|  |TAMS 0x0000000086d00000, 0x0000000086d00000| Untracked 
|  74|0x0000000086e00000, 0x0000000086e00000, 0x0000000086f00000|  0%| F|  |TAMS 0x0000000086e00000, 0x0000000086e00000| Untracked 
|  75|0x0000000086f00000, 0x0000000086f00000, 0x0000000087000000|  0%| F|  |TAMS 0x0000000086f00000, 0x0000000086f00000| Untracked 
|  76|0x0000000087000000, 0x0000000087000000, 0x0000000087100000|  0%| F|  |TAMS 0x0000000087000000, 0x0000000087000000| Untracked 
|  77|0x0000000087100000, 0x0000000087100000, 0x0000000087200000|  0%| F|  |TAMS 0x0000000087100000, 0x0000000087100000| Untracked 
|  78|0x0000000087200000, 0x0000000087200000, 0x0000000087300000|  0%| F|  |TAMS 0x0000000087200000, 0x0000000087200000| Untracked 
|  79|0x0000000087300000, 0x0000000087300000, 0x0000000087400000|  0%| F|  |TAMS 0x0000000087300000, 0x0000000087300000| Untracked 
|  80|0x0000000087400000, 0x0000000087400000, 0x0000000087500000|  0%| F|  |TAMS 0x0000000087400000, 0x0000000087400000| Untracked 
|  81|0x0000000087500000, 0x0000000087500000, 0x0000000087600000|  0%| F|  |TAMS 0x0000000087500000, 0x0000000087500000| Untracked 
|  82|0x0000000087600000, 0x0000000087600000, 0x0000000087700000|  0%| F|  |TAMS 0x0000000087600000, 0x0000000087600000| Untracked 
|  83|0x0000000087700000, 0x0000000087700000, 0x0000000087800000|  0%| F|  |TAMS 0x0000000087700000, 0x0000000087700000| Untracked 
|  84|0x0000000087800000, 0x0000000087800000, 0x0000000087900000|  0%| F|  |TAMS 0x0000000087800000, 0x0000000087800000| Untracked 
|  85|0x0000000087900000, 0x0000000087900000, 0x0000000087a00000|  0%| F|  |TAMS 0x0000000087900000, 0x0000000087900000| Untracked 
|  86|0x0000000087a00000, 0x0000000087a00000, 0x0000000087b00000|  0%| F|  |TAMS 0x0000000087a00000, 0x0000000087a00000| Untracked 
|  87|0x0000000087b00000, 0x0000000087b00000, 0x0000000087c00000|  0%| F|  |TAMS 0x0000000087b00000, 0x0000000087b00000| Untracked 
|  88|0x0000000087c00000, 0x0000000087c00000, 0x0000000087d00000|  0%| F|  |TAMS 0x0000000087c00000, 0x0000000087c00000| Untracked 
|  89|0x0000000087d00000, 0x0000000087d00000, 0x0000000087e00000|  0%| F|  |TAMS 0x0000000087d00000, 0x0000000087d00000| Untracked 
|  90|0x0000000087e00000, 0x0000000087e00000, 0x0000000087f00000|  0%| F|  |TAMS 0x0000000087e00000, 0x0000000087e00000| Untracked 
|  91|0x0000000087f00000, 0x0000000087f00000, 0x0000000088000000|  0%| F|  |TAMS 0x0000000087f00000, 0x0000000087f00000| Untracked 
|  92|0x0000000088000000, 0x0000000088000000, 0x0000000088100000|  0%| F|  |TAMS 0x0000000088000000, 0x0000000088000000| Untracked 
|  93|0x0000000088100000, 0x0000000088100000, 0x0000000088200000|  0%| F|  |TAMS 0x0000000088100000, 0x0000000088100000| Untracked 
|  94|0x0000000088200000, 0x0000000088200000, 0x0000000088300000|  0%| F|  |TAMS 0x0000000088200000, 0x0000000088200000| Untracked 
|  95|0x0000000088300000, 0x0000000088300000, 0x0000000088400000|  0%| F|  |TAMS 0x0000000088300000, 0x0000000088300000| Untracked 
|  96|0x0000000088400000, 0x0000000088400000, 0x0000000088500000|  0%| F|  |TAMS 0x0000000088400000, 0x0000000088400000| Untracked 
|  97|0x0000000088500000, 0x0000000088500000, 0x0000000088600000|  0%| F|  |TAMS 0x0000000088500000, 0x0000000088500000| Untracked 
|  98|0x0000000088600000, 0x0000000088600000, 0x0000000088700000|  0%| F|  |TAMS 0x0000000088600000, 0x0000000088600000| Untracked 
|  99|0x0000000088700000, 0x0000000088700000, 0x0000000088800000|  0%| F|  |TAMS 0x0000000088700000, 0x0000000088700000| Untracked 
| 100|0x0000000088800000, 0x0000000088800000, 0x0000000088900000|  0%| F|  |TAMS 0x0000000088800000, 0x0000000088800000| Untracked 
| 101|0x0000000088900000, 0x0000000088900000, 0x0000000088a00000|  0%| F|  |TAMS 0x0000000088900000, 0x0000000088900000| Untracked 
| 102|0x0000000088a00000, 0x0000000088a00000, 0x0000000088b00000|  0%| F|  |TAMS 0x0000000088a00000, 0x0000000088a00000| Untracked 
| 103|0x0000000088b00000, 0x0000000088b00000, 0x0000000088c00000|  0%| F|  |TAMS 0x0000000088b00000, 0x0000000088b00000| Untracked 
| 104|0x0000000088c00000, 0x0000000088c00000, 0x0000000088d00000|  0%| F|  |TAMS 0x0000000088c00000, 0x0000000088c00000| Untracked 
| 105|0x0000000088d00000, 0x0000000088d00000, 0x0000000088e00000|  0%| F|  |TAMS 0x0000000088d00000, 0x0000000088d00000| Untracked 
| 106|0x0000000088e00000, 0x0000000088e00000, 0x0000000088f00000|  0%| F|  |TAMS 0x0000000088e00000, 0x0000000088e00000| Untracked 
| 107|0x0000000088f00000, 0x0000000088f00000, 0x0000000089000000|  0%| F|  |TAMS 0x0000000088f00000, 0x0000000088f00000| Untracked 
| 108|0x0000000089000000, 0x0000000089000000, 0x0000000089100000|  0%| F|  |TAMS 0x0000000089000000, 0x0000000089000000| Untracked 
| 109|0x0000000089100000, 0x0000000089100000, 0x0000000089200000|  0%| F|  |TAMS 0x0000000089100000, 0x0000000089100000| Untracked 
| 110|0x0000000089200000, 0x0000000089200000, 0x0000000089300000|  0%| F|  |TAMS 0x0000000089200000, 0x0000000089200000| Untracked 
| 111|0x0000000089300000, 0x0000000089300000, 0x0000000089400000|  0%| F|  |TAMS 0x0000000089300000, 0x0000000089300000| Untracked 
| 112|0x0000000089400000, 0x0000000089400000, 0x0000000089500000|  0%| F|  |TAMS 0x0000000089400000, 0x0000000089400000| Untracked 
| 113|0x0000000089500000, 0x0000000089500000, 0x0000000089600000|  0%| F|  |TAMS 0x0000000089500000, 0x0000000089500000| Untracked 
| 114|0x0000000089600000, 0x0000000089600000, 0x0000000089700000|  0%| F|  |TAMS 0x0000000089600000, 0x0000000089600000| Untracked 
| 115|0x0000000089700000, 0x0000000089700000, 0x0000000089800000|  0%| F|  |TAMS 0x0000000089700000, 0x0000000089700000| Untracked 
| 116|0x0000000089800000, 0x0000000089800000, 0x0000000089900000|  0%| F|  |TAMS 0x0000000089800000, 0x0000000089800000| Untracked 
| 117|0x0000000089900000, 0x0000000089900000, 0x0000000089a00000|  0%| F|  |TAMS 0x0000000089900000, 0x0000000089900000| Untracked 
| 118|0x0000000089a00000, 0x0000000089a00000, 0x0000000089b00000|  0%| F|  |TAMS 0x0000000089a00000, 0x0000000089a00000| Untracked 
| 119|0x0000000089b00000, 0x0000000089b00000, 0x0000000089c00000|  0%| F|  |TAMS 0x0000000089b00000, 0x0000000089b00000| Untracked 
| 120|0x0000000089c00000, 0x0000000089c00000, 0x0000000089d00000|  0%| F|  |TAMS 0x0000000089c00000, 0x0000000089c00000| Untracked 
| 121|0x0000000089d00000, 0x0000000089d00000, 0x0000000089e00000|  0%| F|  |TAMS 0x0000000089d00000, 0x0000000089d00000| Untracked 
| 122|0x0000000089e00000, 0x0000000089f00000, 0x0000000089f00000|100%| E|  |TAMS 0x0000000089e00000, 0x0000000089e00000| Complete 
| 123|0x0000000089f00000, 0x000000008a000000, 0x000000008a000000|100%| E|CS|TAMS 0x0000000089f00000, 0x0000000089f00000| Complete 
| 124|0x000000008a000000, 0x000000008a100000, 0x000000008a100000|100%| E|CS|TAMS 0x000000008a000000, 0x000000008a000000| Complete 
| 125|0x000000008a100000, 0x000000008a200000, 0x000000008a200000|100%| E|CS|TAMS 0x000000008a100000, 0x000000008a100000| Complete 

Card table byte_map: [0x0000028355a20000,0x0000028355e10000] _byte_map_base: 0x000002835560e000

Marking Bits (Prev, Next): (CMBitMap*) 0x000002833dd3bf08, (CMBitMap*) 0x000002833dd3bf48
 Prev Bits: [0x0000028356200000, 0x0000028358170000)
 Next Bits: [0x0000028358170000, 0x000002835a0e0000)

Polling page: 0x000002833bbf0000

Metaspace:

Usage:
  Non-class:     14.01 MB capacity,    12.73 MB ( 91%) used,     1.25 MB (  9%) free+waste,    19.69 KB ( <1%) overhead. 
      Class:      1.83 MB capacity,     1.58 MB ( 86%) used,   249.05 KB ( 13%) free+waste,     8.69 KB ( <1%) overhead. 
       Both:     15.84 MB capacity,    14.32 MB ( 90%) used,     1.50 MB (  9%) free+waste,    28.38 KB ( <1%) overhead. 

Virtual space:
  Non-class space:       16.00 MB reserved,      14.25 MB ( 89%) committed 
      Class space:        1.00 GB reserved,       1.88 MB ( <1%) committed 
             Both:        1.02 GB reserved,      16.13 MB (  2%) committed 

Chunk freelists:
   Non-Class:  57.00 KB
       Class:  11.00 KB
        Both:  68.00 KB

MaxMetaspaceSize: 17179869184.00 GB
CompressedClassSpaceSize: 1.00 GB

CodeHeap 'non-profiled nmethods': size=120000Kb used=2010Kb max_used=2010Kb free=117990Kb
 bounds [0x000002834dcc0000, 0x000002834df30000, 0x00000283551f0000]
CodeHeap 'profiled nmethods': size=120000Kb used=8398Kb max_used=8398Kb free=111601Kb
 bounds [0x0000028346790000, 0x0000028346fd0000, 0x000002834dcc0000]
CodeHeap 'non-nmethods': size=5760Kb used=1205Kb max_used=1252Kb free=4554Kb
 bounds [0x00000283461f0000, 0x0000028346460000, 0x0000028346790000]
 total_blobs=5174 nmethods=3585 adapters=369
 compilation: enabled
              stopped_count=0, restarted_count=0
 full_count=0

Compilation events (20 events):
Event: 8.561 Thread 0x000002835cb62000 3564       3       jdk.internal.misc.Unsafe::checkPointer (19 bytes)
Event: 8.562 Thread 0x000002835cb62000 nmethod 3564 0x0000028346f90b10 code [0x0000028346f90ce0, 0x0000028346f91110]
Event: 8.562 Thread 0x000002835cb62000 3562       3       java.net.URLConnection::setUseCaches (10 bytes)
Event: 8.562 Thread 0x000002835cb62000 nmethod 3562 0x0000028346f91290 code [0x0000028346f91460, 0x0000028346f91770]
Event: 8.562 Thread 0x000002835cb62000 3561       1       java.net.JarURLConnection::getEntryName (5 bytes)
Event: 8.562 Thread 0x000002835cb62000 nmethod 3561 0x000002834deb4f10 code [0x000002834deb50a0, 0x000002834deb51d8]
Event: 8.565 Thread 0x000002835cb62000 3566       3       org.eclipse.sisu.space.AbstractDeferredClass::getImplementationClass (2 bytes)
Event: 8.566 Thread 0x000002835cb62000 nmethod 3566 0x0000028346f91890 code [0x0000028346f91a20, 0x0000028346f91b98]
Event: 8.577 Thread 0x000002835cb62000 3567   !   3       com.sun.proxy.$Proxy5::annotationType (29 bytes)
Event: 8.577 Thread 0x000002835cb62000 nmethod 3567 0x0000028346f91c10 code [0x0000028346f91de0, 0x0000028346f92280]
Event: 8.606 Thread 0x000002835cb62000 3569       3       org.codehaus.plexus.classworlds.realm.ClassRealm::getClassRealmLoadingLock (14 bytes)
Event: 8.606 Thread 0x000002835cb62000 nmethod 3569 0x0000028346f92410 code [0x0000028346f925c0, 0x0000028346f92810]
Event: 8.606 Thread 0x000002835cb62000 3570   !   3       org.codehaus.plexus.classworlds.realm.ClassRealm::loadClassFromSelf (40 bytes)
Event: 8.606 Thread 0x000002835cb62000 nmethod 3570 0x0000028346f92910 code [0x0000028346f92b00, 0x0000028346f931a0]
Event: 8.637 Thread 0x000002835cb62000 3571       3       com.google.inject.internal.AbstractBindingBuilder::in (28 bytes)
Event: 8.639 Thread 0x000002835cb62000 nmethod 3571 0x0000028346f93410 code [0x0000028346f93660, 0x0000028346f94200]
Event: 8.639 Thread 0x000002835cb62000 3572       3       com.google.inject.internal.AbstractBindingBuilder::checkNotScoped (55 bytes)
Event: 8.640 Thread 0x000002835cb62000 nmethod 3572 0x0000028346f94590 code [0x0000028346f94780, 0x0000028346f94fc0]
Event: 8.643 Thread 0x000002835cb62000 3574       3       java.lang.Class::arrayContentsEq (70 bytes)
Event: 8.644 Thread 0x000002835cb62000 nmethod 3574 0x0000028346f95190 code [0x0000028346f95360, 0x0000028346f957b8]

GC Heap History (6 events):
Event: 1.662 GC heap before
{Heap before GC invocations=0 (full 0):
 garbage-first heap   total 129024K, used 24576K [0x0000000082400000, 0x0000000100000000)
  region size 1024K, 24 young (24576K), 0 survivors (0K)
 Metaspace       used 5196K, capacity 7816K, committed 8064K, reserved 1056768K
  class space    used 613K, capacity 885K, committed 896K, reserved 1048576K
}
Event: 1.689 GC heap after
{Heap after GC invocations=1 (full 0):
 garbage-first heap   total 129024K, used 3501K [0x0000000082400000, 0x0000000100000000)
  region size 1024K, 3 young (3072K), 3 survivors (3072K)
 Metaspace       used 5196K, capacity 7816K, committed 8064K, reserved 1056768K
  class space    used 613K, capacity 885K, committed 896K, reserved 1048576K
}
Event: 5.161 GC heap before
{Heap before GC invocations=1 (full 0):
 garbage-first heap   total 129024K, used 77229K [0x0000000082400000, 0x0000000100000000)
  region size 1024K, 75 young (76800K), 3 survivors (3072K)
 Metaspace       used 13002K, capacity 14768K, committed 14848K, reserved 1062912K
  class space    used 1507K, capacity 1757K, committed 1792K, reserved 1048576K
}
Event: 5.222 GC heap after
{Heap after GC invocations=2 (full 0):
 garbage-first heap   total 129024K, used 8265K [0x0000000082400000, 0x0000000100000000)
  region size 1024K, 8 young (8192K), 8 survivors (8192K)
 Metaspace       used 13002K, capacity 14768K, committed 14848K, reserved 1062912K
  class space    used 1507K, capacity 1757K, committed 1792K, reserved 1048576K
}
Event: 8.581 GC heap before
{Heap before GC invocations=2 (full 0):
 garbage-first heap   total 129024K, used 76873K [0x0000000082400000, 0x0000000100000000)
  region size 1024K, 75 young (76800K), 8 survivors (8192K)
 Metaspace       used 14437K, capacity 16028K, committed 16256K, reserved 1062912K
  class space    used 1599K, capacity 1877K, committed 1920K, reserved 1048576K
}
Event: 8.604 GC heap after
{Heap after GC invocations=3 (full 0):
 garbage-first heap   total 129024K, used 11993K [0x0000000082400000, 0x0000000100000000)
  region size 1024K, 9 young (9216K), 9 survivors (9216K)
 Metaspace       used 14437K, capacity 16028K, committed 16256K, reserved 1062912K
  class space    used 1599K, capacity 1877K, committed 1920K, reserved 1048576K
}

Deoptimization events (20 events):
Event: 7.549 Thread 0x000002833dcf7800 Uncommon trap: trap_request=0xffffff54 fr.pc=0x000002834de06f58 relative=0x00000000000002b8
Event: 7.549 Thread 0x000002833dcf7800 Uncommon trap: reason=speculate_null_assert action=make_not_entrant pc=0x000002834de06f58 method=org.eclipse.sisu.inject.RankedBindings$Itr.hasNext()Z @ 80 c2
Event: 7.549 Thread 0x000002833dcf7800 DEOPT PACKING pc=0x000002834de06f58 sp=0x000000b53d2fddf0
Event: 7.551 Thread 0x000002833dcf7800 DEOPT UNPACKING pc=0x000002834623912f sp=0x000000b53d2fddd8 mode 2
Event: 7.650 Thread 0x000002833dcf7800 DEOPT PACKING pc=0x0000028346881a34 sp=0x000000b53d2f76b0
Event: 7.650 Thread 0x000002833dcf7800 DEOPT UNPACKING pc=0x000002834623964e sp=0x000000b53d2f6ab0 mode 0
Event: 8.221 Thread 0x000002833dcf7800 DEOPT PACKING pc=0x0000028346c5a161 sp=0x000000b53d2fd220
Event: 8.221 Thread 0x000002833dcf7800 DEOPT UNPACKING pc=0x000002834623964e sp=0x000000b53d2fc710 mode 0
Event: 8.492 Thread 0x000002833dcf7800 Uncommon trap: trap_request=0xffffff45 fr.pc=0x000002834dd1dc98 relative=0x0000000000001098
Event: 8.502 Thread 0x000002833dcf7800 Uncommon trap: reason=unstable_if action=reinterpret pc=0x000002834dd1dc98 method=sun.nio.cs.StreamDecoder.read0()I @ 39 c2
Event: 8.503 Thread 0x000002833dcf7800 DEOPT PACKING pc=0x000002834dd1dc98 sp=0x000000b53d2fd200
Event: 8.503 Thread 0x000002833dcf7800 DEOPT UNPACKING pc=0x000002834623912f sp=0x000000b53d2fcf88 mode 2
Event: 8.504 Thread 0x000002833dcf7800 Uncommon trap: trap_request=0xffffff45 fr.pc=0x000002834dd21238 relative=0x0000000000000118
Event: 8.504 Thread 0x000002833dcf7800 Uncommon trap: reason=unstable_if action=reinterpret pc=0x000002834dd21238 method=java.io.Reader.read()I @ 12 c2
Event: 8.504 Thread 0x000002833dcf7800 DEOPT PACKING pc=0x000002834dd21238 sp=0x000000b53d2fd220
Event: 8.504 Thread 0x000002833dcf7800 DEOPT UNPACKING pc=0x000002834623912f sp=0x000000b53d2fd1b0 mode 2
Event: 8.524 Thread 0x000002833dcf7800 Uncommon trap: trap_request=0xffffff45 fr.pc=0x000002834dd1a5e4 relative=0x00000000000012e4
Event: 8.524 Thread 0x000002833dcf7800 Uncommon trap: reason=unstable_if action=reinterpret pc=0x000002834dd1a5e4 method=sun.nio.cs.StreamDecoder.read0()I @ 39 c2
Event: 8.524 Thread 0x000002833dcf7800 DEOPT PACKING pc=0x000002834dd1a5e4 sp=0x000000b53d2fd110
Event: 8.524 Thread 0x000002833dcf7800 DEOPT UNPACKING pc=0x000002834623912f sp=0x000000b53d2fcf90 mode 2

Classes unloaded (0 events):
No events

Classes redefined (0 events):
No events

Internal exceptions (16 events):
Event: 0.470 Thread 0x000002833dcf7800 Exception <a 'java/lang/NoSuchMethodError'{0x0000000089ea2e98}: 'int java.lang.invoke.DirectMethodHandle$Holder.invokeSpecialIFC(java.lang.Object, java.lang.Object, int)'> (0x0000000089ea2e98) 
thrown [t:/workspace/open/src/hotspot/share/interpreter/linkResolver.cpp, line 767]
Event: 0.492 Thread 0x000002833dcf7800 Exception <a 'java/lang/NullPointerException'{0x0000000089d0c6c0}> (0x0000000089d0c6c0) 
thrown [t:/workspace/open/src/hotspot/share/interpreter/linkResolver.cpp, line 1349]
Event: 0.554 Thread 0x000002833dcf7800 Exception <a 'java/lang/NullPointerException'{0x0000000089d4eab8}> (0x0000000089d4eab8) 
thrown [t:/workspace/open/src/hotspot/share/interpreter/linkResolver.cpp, line 1349]
Event: 0.554 Thread 0x000002833dcf7800 Exception <a 'java/lang/NullPointerException'{0x0000000089d4ed88}> (0x0000000089d4ed88) 
thrown [t:/workspace/open/src/hotspot/share/interpreter/linkResolver.cpp, line 1349]
Event: 0.554 Thread 0x000002833dcf7800 Exception <a 'java/lang/NullPointerException'{0x0000000089d4f058}> (0x0000000089d4f058) 
thrown [t:/workspace/open/src/hotspot/share/interpreter/linkResolver.cpp, line 1349]
Event: 0.556 Thread 0x000002833dcf7800 Exception <a 'java/lang/NullPointerException'{0x0000000089d55700}> (0x0000000089d55700) 
thrown [t:/workspace/open/src/hotspot/share/interpreter/linkResolver.cpp, line 1349]
Event: 0.561 Thread 0x000002833dcf7800 Exception <a 'java/lang/NullPointerException'{0x0000000089d6bda0}> (0x0000000089d6bda0) 
thrown [t:/workspace/open/src/hotspot/share/interpreter/linkResolver.cpp, line 1349]
Event: 0.561 Thread 0x000002833dcf7800 Exception <a 'java/lang/NullPointerException'{0x0000000089d6c070}> (0x0000000089d6c070) 
thrown [t:/workspace/open/src/hotspot/share/interpreter/linkResolver.cpp, line 1349]
Event: 0.561 Thread 0x000002833dcf7800 Exception <a 'java/lang/NullPointerException'{0x0000000089d6c340}> (0x0000000089d6c340) 
thrown [t:/workspace/open/src/hotspot/share/interpreter/linkResolver.cpp, line 1349]
Event: 0.561 Thread 0x000002833dcf7800 Exception <a 'java/lang/NullPointerException'{0x0000000089d6c610}> (0x0000000089d6c610) 
thrown [t:/workspace/open/src/hotspot/share/interpreter/linkResolver.cpp, line 1349]
Event: 1.360 Thread 0x000002833dcf7800 Exception <a 'java/lang/NoClassDefFoundError'{0x000000008905ae80}: javax/enterprise/inject/Typed> (0x000000008905ae80) 
thrown [t:/workspace/open/src/hotspot/share/classfile/systemDictionary.cpp, line 221]
Event: 2.953 Thread 0x000002833dcf7800 Exception <a 'java/lang/NoClassDefFoundError'{0x0000000087b6db60}: com/google/inject/servlet/ServletModuleTargetVisitor> (0x0000000087b6db60) 
thrown [t:/workspace/open/src/hotspot/share/classfile/systemDictionary.cpp, line 221]
Event: 3.019 Thread 0x000002833dcf7800 Exception <a 'java/lang/NoSuchMethodError'{0x0000000087ab1d70}: 'java.lang.Object java.lang.invoke.DirectMethodHandle$Holder.invokeStaticInit(java.lang.Object, int, int, int, int)'> (0x0000000087ab1d70) 
thrown [t:/workspace/open/src/hotspot/share/interpreter/linkResolver.cpp, line 767]
Event: 7.049 Thread 0x000002833dcf7800 Implicit null exception at 0x000002834dd58fe5 to 0x000002834dd591c2
Event: 7.054 Thread 0x000002833dcf7800 Implicit null exception at 0x000002834dd2842f to 0x000002834dd284ad
Event: 7.547 Thread 0x000002833dcf7800 Implicit null exception at 0x000002834de59cce to 0x000002834de5a64a

Events (20 events):
Event: 8.638 loading class org/codehaus/plexus/personality/plexus/lifecycle/phase/Disposable
Event: 8.638 loading class org/codehaus/plexus/personality/plexus/lifecycle/phase/Disposable done
Event: 8.639 loading class java/io/PrintWriter
Event: 8.640 loading class java/io/PrintWriter done
Event: 8.640 loading class org/codehaus/plexus/personality/plexus/lifecycle/phase/InitializationException
Event: 8.640 loading class org/codehaus/plexus/personality/plexus/lifecycle/phase/InitializationException done
Event: 8.640 loading class org/codehaus/plexus/personality/plexus/lifecycle/phase/InitializationException
Event: 8.640 loading class org/codehaus/plexus/personality/plexus/lifecycle/phase/InitializationException done
Event: 8.641 loading class org/sonatype/plexus/build/incremental/DefaultBuildContext
Event: 8.641 loading class org/sonatype/plexus/build/incremental/DefaultBuildContext done
Event: 8.641 loading class org/sonatype/plexus/build/incremental/DefaultBuildContext
Event: 8.641 loading class org/sonatype/plexus/build/incremental/DefaultBuildContext done
Event: 8.642 loading class org/codehaus/plexus/util/Scanner
Event: 8.642 loading class org/codehaus/plexus/util/Scanner done
Event: 8.642 loading class org/codehaus/plexus/util/Scanner
Event: 8.642 loading class org/codehaus/plexus/util/Scanner done
Event: 8.644 loading class org/apache/maven/shared/filtering/DefaultMavenResourcesFiltering
Event: 8.644 loading class org/apache/maven/shared/filtering/DefaultMavenResourcesFiltering done
Event: 8.644 loading class org/apache/maven/shared/filtering/DefaultMavenResourcesFiltering
Event: 8.644 loading class org/apache/maven/shared/filtering/DefaultMavenResourcesFiltering done


Dynamic libraries:
0x00007ff696b50000 - 0x00007ff696b5f000 	C:\Program Files\Java\jdk-13.0.2\bin\java.exe
0x00007ffa9bd20000 - 0x00007ffa9bf88000 	C:\WINDOWS\SYSTEM32\ntdll.dll
0x00007ffa9a370000 - 0x00007ffa9a439000 	C:\WINDOWS\System32\KERNEL32.DLL
0x00007ffa98800000 - 0x00007ffa98bf1000 	C:\WINDOWS\System32\KERNELBASE.dll
0x00007ffa98600000 - 0x00007ffa9874b000 	C:\WINDOWS\System32\ucrtbase.dll
0x00007ffa7d6e0000 - 0x00007ffa7d6f5000 	C:\Program Files\Java\jdk-13.0.2\bin\VCRUNTIME140.dll
0x00007ffa80d10000 - 0x00007ffa80d28000 	C:\Program Files\Java\jdk-13.0.2\bin\jli.dll
0x00007ffa9b050000 - 0x00007ffa9b104000 	C:\WINDOWS\System32\ADVAPI32.dll
0x00007ffa9b8d0000 - 0x00007ffa9b979000 	C:\WINDOWS\System32\msvcrt.dll
0x00007ffa9a750000 - 0x00007ffa9a7f6000 	C:\WINDOWS\System32\sechost.dll
0x00007ffa9a920000 - 0x00007ffa9aa38000 	C:\WINDOWS\System32\RPCRT4.dll
0x00007ffa9ba00000 - 0x00007ffa9bbc6000 	C:\WINDOWS\System32\USER32.dll
0x00007ffa98c00000 - 0x00007ffa98c27000 	C:\WINDOWS\System32\win32u.dll
0x00007ffa99ee0000 - 0x00007ffa99f0b000 	C:\WINDOWS\System32\GDI32.dll
0x00007ffa82160000 - 0x00007ffa823f3000 	C:\WINDOWS\WinSxS\amd64_microsoft.windows.common-controls_6595b64144ccf1df_6.0.26100.7824_none_3e0870b2e3345462\COMCTL32.dll
0x00007ffa98c30000 - 0x00007ffa98d5b000 	C:\WINDOWS\System32\gdi32full.dll
0x00007ffa98750000 - 0x00007ffa987f3000 	C:\WINDOWS\System32\msvcp_win.dll
0x00007ffa89900000 - 0x00007ffa8990b000 	C:\WINDOWS\SYSTEM32\VERSION.dll
0x00007ffa9a8e0000 - 0x00007ffa9a911000 	C:\WINDOWS\System32\IMM32.DLL
0x00007ffa2d890000 - 0x00007ffa2d92b000 	C:\Program Files\Java\jdk-13.0.2\bin\msvcp140.dll
0x00007ff9d6b40000 - 0x00007ff9d769d000 	C:\Program Files\Java\jdk-13.0.2\bin\server\jvm.dll
0x00007ffa99fd0000 - 0x00007ffa99fd8000 	C:\WINDOWS\System32\PSAPI.DLL
0x00007ffa731b0000 - 0x00007ffa731ba000 	C:\WINDOWS\SYSTEM32\WSOCK32.dll
0x00007ffa889b0000 - 0x00007ffa889e5000 	C:\WINDOWS\SYSTEM32\WINMM.dll
0x00007ffa99e60000 - 0x00007ffa99ed4000 	C:\WINDOWS\System32\WS2_32.dll
0x00007ffa97360000 - 0x00007ffa9737b000 	C:\WINDOWS\SYSTEM32\kernel.appcore.dll
0x00007ffa84340000 - 0x00007ffa84350000 	C:\Program Files\Java\jdk-13.0.2\bin\verify.dll
0x00007ffa7e860000 - 0x00007ffa7eaa2000 	C:\WINDOWS\SYSTEM32\DBGHELP.DLL
0x00007ffa99fe0000 - 0x00007ffa9a366000 	C:\WINDOWS\System32\combase.dll
0x00007ffa9a800000 - 0x00007ffa9a8d7000 	C:\WINDOWS\System32\OLEAUT32.dll
0x00007ffa73b80000 - 0x00007ffa73bbb000 	C:\WINDOWS\SYSTEM32\dbgcore.DLL
0x00007ffa99690000 - 0x00007ffa99735000 	C:\WINDOWS\System32\bcryptPrimitives.dll
0x00007ffa5c050000 - 0x00007ffa5c076000 	C:\Program Files\Java\jdk-13.0.2\bin\java.dll
0x00007ffa636c0000 - 0x00007ffa636d7000 	C:\Program Files\Java\jdk-13.0.2\bin\zip.dll
0x00007ffa84120000 - 0x00007ffa8412a000 	C:\Program Files\Java\jdk-13.0.2\bin\jimage.dll
0x00007ffa9b170000 - 0x00007ffa9b8c2000 	C:\WINDOWS\System32\SHELL32.dll
0x00007ffa99740000 - 0x00007ffa998aa000 	C:\WINDOWS\System32\wintypes.dll
0x00007ffa98d60000 - 0x00007ffa995c3000 	C:\WINDOWS\System32\windows.storage.dll
0x00007ffa9a440000 - 0x00007ffa9a536000 	C:\WINDOWS\System32\SHCORE.dll
0x00007ffa9b980000 - 0x00007ffa9b9e7000 	C:\WINDOWS\System32\shlwapi.dll
0x00007ffa98520000 - 0x00007ffa98549000 	C:\WINDOWS\SYSTEM32\profapi.dll
0x00007ffa5a460000 - 0x00007ffa5a479000 	C:\Program Files\Java\jdk-13.0.2\bin\net.dll
0x00007ffa8c1f0000 - 0x00007ffa8c317000 	C:\WINDOWS\SYSTEM32\WINHTTP.dll
0x00007ffa978b0000 - 0x00007ffa9791b000 	C:\WINDOWS\system32\mswsock.dll
0x00007ffa5a440000 - 0x00007ffa5a453000 	C:\Program Files\Java\jdk-13.0.2\bin\nio.dll
0x0000000069ac0000 - 0x0000000069ae4000 	D:\Personal Work\Data Import\apache-maven-3.8.3\lib\jansi-native\Windows\x86_64\jansi.dll

dbghelp: loaded successfully - version: 4.0.5 - missing functions: none
symbol engine: initialized successfully - sym options: 0x614 - pdb path: .;C:\Program Files\Java\jdk-13.0.2\bin;C:\WINDOWS\SYSTEM32;C:\WINDOWS\WinSxS\amd64_microsoft.windows.common-controls_6595b64144ccf1df_6.0.26100.7824_none_3e0870b2e3345462;C:\Program Files\Java\jdk-13.0.2\bin\server;D:\Personal Work\Data Import\apache-maven-3.8.3\lib\jansi-native\Windows\x86_64

VM Arguments:
jvm_args: -Dclassworlds.conf=D:\Personal Work\Data Import\apache-maven-3.8.3\bin\m2.conf -Dmaven.home=D:\Personal Work\Data Import\apache-maven-3.8.3 -Dlibrary.jansi.path=D:\Personal Work\Data Import\apache-maven-3.8.3\lib\jansi-native -Dmaven.multiModuleProjectDirectory=D:\ShrabaniAutomationWorkspace\testFramework 
java_command: org.codehaus.plexus.classworlds.launcher.Launcher clean test
java_class_path (initial): D:\Personal Work\Data Import\apache-maven-3.8.3\boot\plexus-classworlds-2.6.0.jar
Launcher Type: SUN_STANDARD

[Global flags]
     intx CICompilerCount                          = 4                                         {product} {ergonomic}
     uint ConcGCThreads                            = 2                                         {product} {ergonomic}
     uint G1ConcRefinementThreads                  = 8                                         {product} {ergonomic}
   size_t G1HeapRegionSize                         = 1048576                                   {product} {ergonomic}
    uintx GCDrainStackTargetSize                   = 64                                        {product} {ergonomic}
   size_t InitialHeapSize                          = 132120576                                 {product} {ergonomic}
   size_t MarkStackSize                            = 4194304                                   {product} {ergonomic}
   size_t MaxHeapSize                              = 2109734912                                {product} {ergonomic}
   size_t MaxNewSize                               = 1265631232                                {product} {ergonomic}
   size_t MinHeapDeltaBytes                        = 1048576                                   {product} {ergonomic}
   size_t MinHeapSize                              = 8388608                                   {product} {ergonomic}
    uintx NonNMethodCodeHeapSize                   = 5839372                                {pd product} {ergonomic}
    uintx NonProfiledCodeHeapSize                  = 122909434                              {pd product} {ergonomic}
    uintx ProfiledCodeHeapSize                     = 122909434                              {pd product} {ergonomic}
    uintx ReservedCodeCacheSize                    = 251658240                              {pd product} {ergonomic}
     bool SegmentedCodeCache                       = true                                      {product} {ergonomic}
   size_t SoftMaxHeapSize                          = 2109734912                             {manageable} {ergonomic}
     bool UseCompressedClassPointers               = true                                 {lp64_product} {ergonomic}
     bool UseCompressedOops                        = true                                 {lp64_product} {ergonomic}
     bool UseG1GC                                  = true                                      {product} {ergonomic}
     bool UseLargePagesIndividualAllocation        = false                                  {pd product} {ergonomic}

Logging:
Log output configuration:
 #0: stdout all=warning uptime,level,tags
 #1: stderr all=off uptime,level,tags

Environment Variables:
JAVA_HOME=C:\Program Files\Java\jdk-13.0.2
PATH=C:\Program Files (x86)\TRICENTIS\Tosca Testsuite\ToscaCommander;;C:\Program Files\Microsoft SDKs\Azure\CLI2\wbin;C:\WINDOWS\system32;C:\WINDOWS;C:\WINDOWS\System32\Wbem;C:\WINDOWS\System32\WindowsPowerShell\v1.0\;C:\Program Files\Intel\WiFi\bin\;C:\Program Files\Common Files\Intel\WirelessCommon\;C:\Program Files\Java\jdk-13.0.2\bin;D:\Personal Work\Data Import\apache-maven-3.8.3\bin;C:\WINDOWS\System32\OpenSSH\;C:\Program Files\Microsoft SQL Server\150\Tools\Binn\;C:\Program Files\Microsoft SQL Server\Client SDK\ODBC\170\Tools\Binn\;C:\Program Files\dotnet\;C:\Program Files\Docker\Docker\resources\bin;C:\Program Files\PowerShell\7\;C:\Program Files\Git\cmd;C:\Program Files\MySQL\MySQL Shell 8.0\bin\;C:\Users\Shrabani Jana\AppData\Local\Programs\Python\Python311\Scripts\;C:\Users\Shrabani Jana\AppData\Local\Programs\Python\Python311\;C:\Users\Shrabani Jana\AppData\Local\Microsoft\WindowsApps;C:\Program Files\Intel\WiFi\bin\;C:\Program Files\Common Files\Intel\WirelessCommon\;C:\Users\Shrabani Jana\AppData\Local\GitHubDesktop\bin;C:\Program Files\JetBrains\IntelliJ IDEA Community Edition 2023.1\bin;;C:\Users\Shrabani Jana\AppData\Roaming\Python\Python311\Scripts;C:\Users\Shrabani Jana\AppData\Local\Programs\Microsoft VS Code\bin;C:\Users\Shrabani Jana\.dotnet\tools;;C:\Program Files\JetBrains\PyCharm Community Edition 2025.1\bin;;C:\Program Files\JetBrains\PyCharm 2025.2\bin
USERNAME=Shrabani Jana
OS=Windows_NT
PROCESSOR_IDENTIFIER=Intel64 Family 6 Model 142 Stepping 11, GenuineIntel



---------------  S Y S T E M  ---------------

OS: Windows 10 , 64 bit Build 26100 (10.0.26100.7705)
HyperV virtualization detected

CPU:total 8 (initial active 8) (4 cores per cpu, 2 threads per core) family 6 model 142 stepping 11, cmov, cx8, fxsr, mmx, sse, sse2, sse3, ssse3, sse4.1, sse4.2, popcnt, avx, avx2, aes, clmul, erms, 3dnowpref, lzcnt, ht, tsc, tscinvbit, bmi1, bmi2, adx, fma

Memory: 4k page, system-wide physical 8042M (1034M free)
TotalPageFile size 20272M (AvailPageFile size 4M)
current process WorkingSet (physical memory assigned to process): 195M, peak: 195M
current process commit charge ("private bytes"): 279M, peak: 282M

vm_info: Java HotSpot(TM) 64-Bit Server VM (13.0.2+8) for windows-amd64 JRE (13.0.2+8), built on Dec 11 2019 09:20:33 by "mach5one" with unknown MS VC++:1916

END.
